{"time":"2025-11-15T04:53:35.846338936-05:00","level":"INFO","msg":"Sentry initialized","dsn":"https://962d173a894d***","environment":"PROD","release":"6.1.24","sandbox_id":"i1ozxlyd16pjoyc08bur9"}
{"time":"2025-11-15T04:53:35.848143286-05:00","level":"INFO","msg":"Sentry initialized successfully"}
{"time":"2025-11-15T04:53:35.848184195-05:00","level":"INFO","msg":"State sync service starting","log_file":"/home/ubuntu/.logs/state-sync/state-sync.log"}
{"time":"2025-11-15T04:53:35.849042615-05:00","level":"INFO","msg":"Starting state sync service"}
{"time":"2025-11-15T04:53:35.849100771-05:00","level":"INFO","msg":"Pulling initial state from S3"}
{"time":"2025-11-15T04:53:36.542420632-05:00","level":"INFO","msg":"Successfully pulled initial state","etag":"\"fd6cf0718ed61e902e0eb79f265eef97\"","cookie_domains":355,"localStorage_domains":130}
{"time":"2025-11-15T04:53:36.542590397-05:00","level":"INFO","msg":"Connecting to browser","port":"9222"}
{"time":"2025-11-15T04:53:36.556363736-05:00","level":"INFO","msg":"Found chrome://newtab/ to reuse","target_id":"9F4CE67F3D50C849A551BBB0A4EB2692"}
{"time":"2025-11-15T04:53:36.556559457-05:00","level":"INFO","msg":"Reusing existing target for cookie sync","target_id":"9F4CE67F3D50C849A551BBB0A4EB2692"}
{"time":"2025-11-15T04:53:36.556573667-05:00","level":"INFO","msg":"Successfully connected to browser"}
{"time":"2025-11-15T04:53:36.556578293-05:00","level":"INFO","msg":"Syncing state to browser"}
{"time":"2025-11-15T04:53:36.556594406-05:00","level":"INFO","msg":"Syncing cookies to browser","cookie_count":1005}
{"time":"2025-11-15T04:53:37.432408357-05:00","level":"INFO","msg":"Successfully synced cookies to browser"}
{"time":"2025-11-15T04:53:37.432439292-05:00","level":"INFO","msg":"Successfully synced state to browser"}
{"time":"2025-11-15T04:53:37.432443597-05:00","level":"INFO","msg":"Setting up state watchers"}
{"time":"2025-11-15T04:53:37.432451076-05:00","level":"INFO","msg":"Starting CDP watcher"}
{"time":"2025-11-15T04:53:37.451631037-05:00","level":"INFO","msg":"Created hidden monitoring target","target_id":"349021D9BE5D785551D1B74A2A2D8141"}
{"time":"2025-11-15T04:53:37.451667413-05:00","level":"INFO","msg":"Using hidden target for monitoring (should not be visible)"}
{"time":"2025-11-15T04:53:37.45167783-05:00","level":"INFO","msg":"State watchers setup complete"}
{"time":"2025-11-15T04:53:37.451681787-05:00","level":"INFO","msg":"Waiting for browser to stabilize after cookie sync","delay":5000000000}
{"time":"2025-11-15T04:53:37.451715428-05:00","level":"INFO","msg":"Starting target monitoring"}
{"time":"2025-11-15T04:53:37.483451218-05:00","level":"INFO","msg":"Handling target","target_id":"9F4CE67F3D50C849A551BBB0A4EB2692","url":"chrome://newtab/"}
{"time":"2025-11-15T04:53:42.454268616-05:00","level":"INFO","msg":"Starting cookie polling","interval":1000000000}
{"time":"2025-11-15T04:53:42.45436874-05:00","level":"INFO","msg":"Browser stabilization complete, cookie polling started with current state as baseline"}
{"time":"2025-11-15T04:53:42.454498224-05:00","level":"INFO","msg":"Wrote sync ready marker","path":"/home/ubuntu/.config/state-sync/.sync-ready"}
{"time":"2025-11-15T04:53:42.45450587-05:00","level":"INFO","msg":"State sync service started successfully"}
{"time":"2025-11-15T04:53:42.454602485-05:00","level":"INFO","msg":"Started watching config file","path":"/home/ubuntu/.config/state-sync/state-sync-config.yaml"}
{"time":"2025-11-15T05:01:56.418838449-05:00","level":"INFO","msg":"Handling target","target_id":"79101313EA6DDA7D0064E995A2C1F78D","url":"https://8000-i1ozxlyd16pjoyc08bur9-ce391835.manus.computer/"}
{"time":"2025-11-15T05:01:57.638227759-05:00","level":"INFO","msg":"Handling target","target_id":"9F4CE67F3D50C849A551BBB0A4EB2692","url":"chrome://newtab/"}
{"time":"2025-11-15T05:01:57.642442765-05:00","level":"ERROR","msg":"Failed to enable DOM storage events","target_id":"9F4CE67F3D50C849A551BBB0A4EB2692","error":"No target with given id found (-32602)"}
{"time":"2025-11-16T18:13:09.878415336-05:00","level":"INFO","msg":"Detected cookie changes, notifying listeners","patch_count":2,"time_since_last":9223372036854775807}
{"time":"2025-11-16T18:13:19.361971351-05:00","level":"ERROR","msg":"S3 PUT failed","status_code":403,"response_body":"<?xml version=\"1.0\" encoding=\"UTF-8\"?>\n<Error><Code>AccessDenied</Code><Message>Request has expired</Message><X-Amz-Expires>86400</X-Amz-Expires><Expires>2025-11-16T09:53:35Z</Expires><ServerTime>2025-11-16T23:13:19Z</ServerTime><RequestId>RZVN7CNYDR8V6PAY</RequestId><HostId>XY4kYsYFC0x7Ut0Y8B6TjFHaM3niZ7GxZH/eL6kpki/VWJ08U5xyOOPV6ih48c/cd+Qm+mYXMUM=</HostId></Error>"}
{"time":"2025-11-16T18:13:19.409672631-05:00","level":"ERROR","msg":"Service error","error":"failed to push state: upload failed with status 403: <?xml version=\"1.0\" encoding=\"UTF-8\"?>\n<Error><Code>AccessDenied</Code><Message>Request has expired</Message><X-Amz-Expires>86400</X-Amz-Expires><Expires>2025-11-16T09:53:35Z</Expires><ServerTime>2025-11-16T23:13:19Z</ServerTime><RequestId>RZVN7CNYDR8V6PAY</RequestId><HostId>XY4kYsYFC0x7Ut0Y8B6TjFHaM3niZ7GxZH/eL6kpki/VWJ08U5xyOOPV6ih48c/cd+Qm+mYXMUM=</HostId></Error>"}
